2024-10-23 16:03:32,006 - utils> send_request_with_retry> 196 - ERROR - Attempt 1 failed: {'error': {'message': "Invalid type for 'messages[1].content[0].text': expected an unknown value, but got null instead.", 'type': 'invalid_request_error', 'param': 'messages[1].content[0].text', 'code': 'invalid_type'}}, user_query: 나 선물하기 가능한 요금제 뭐 있나 알고싶어
2024-10-23 16:03:32,017 - utils> send_request_with_retry> 213 - ERROR - Invalid type for 'messages[1].content[0].text': expected an unknown value, but got null instead.
2024-10-23 16:09:19,597 - utils> send_request_with_retry> 196 - INFO - Attempt 1 failed: {'error': {'message': "Invalid type for 'messages[1].content[0].text': expected an unknown value, but got null instead.", 'type': 'invalid_request_error', 'param': 'messages[1].content[0].text', 'code': 'invalid_type'}}, user_query: 나 선물하기 가능한 요금제 뭐 있나 알고싶어
2024-10-23 16:09:19,597 - utils> send_request_with_retry> 213 - ERROR - Invalid type for 'messages[1].content[0].text': expected an unknown value, but got null instead.
2024-10-23 16:13:49,667 - utils> send_request_with_retry> 196 - INFO - Attempt 1 failed: {'error': {'message': "Invalid type for 'messages[1].content[0].text': expected an unknown value, but got null instead.", 'type': 'invalid_request_error', 'param': 'messages[1].content[0].text', 'code': 'invalid_type'}}, user_query: 나 선물하기 가능한 요금제 뭐 있나 알고싶어
2024-10-23 16:13:49,668 - utils> send_request_with_retry> 213 - ERROR - Invalid type for 'messages[1].content[0].text': expected an unknown value, but got null instead.
2024-10-23 16:14:19,779 - utils> send_request_with_retry> 196 - INFO - Attempt 1 failed: {'error': {'message': "Invalid type for 'messages[1].content[0].text': expected an unknown value, but got null instead.", 'type': 'invalid_request_error', 'param': 'messages[1].content[0].text', 'code': 'invalid_type'}}, user_query: 나 선물하기 가능한 요금제 뭐 있나 알고싶어
2024-10-23 16:14:19,779 - utils> send_request_with_retry> 213 - ERROR - 
2024-10-23 16:17:11,628 - utils> send_request_with_retry> 196 - INFO - Attempt 1 failed: {'error': {'message': "Invalid type for 'messages[1].content[0].text': expected an unknown value, but got null instead.", 'type': 'invalid_request_error', 'param': 'messages[1].content[0].text', 'code': 'invalid_type'}}, kwargs: dict_keys(['system_prompt', 'endpoint', 'temparature', 'max_retries', 'wait_seconds', 'headers', 'content_filter_file_name', 'false_index_file_name', 'today', 'target_rows', 'user_query'])
2024-10-23 16:17:11,628 - utils> send_request_with_retry> 213 - ERROR - 
2024-10-23 16:18:52,382 - utils> send_request_with_retry> 196 - INFO - Attempt 1 failed: {'error': {'message': "Invalid type for 'messages[1].content[0].text': expected an unknown value, but got null instead.", 'type': 'invalid_request_error', 'param': 'messages[1].content[0].text', 'code': 'invalid_type'}}, kwargs: dict_keys(['system_prompt', 'endpoint', 'temparature', 'max_retries', 'wait_seconds', 'headers', 'content_filter_file_name', 'false_index_file_name', 'today', 'target_rows', 'user_query'])
2024-10-23 16:18:52,382 - utils> send_request_with_retry> 213 - ERROR - 
2024-10-23 16:23:34,786 - tworld_funcs> run_and_evaluate> 67 - ERROR - 'time_lapse', response keys: dict_keys(['content', 'original_response', 'time_lapse']), content keys: dict_keys(['name', 'arguments'])
2024-10-23 16:39:48,226 - utils> compare_dicts> 119 - INFO - Key mismatch at path 'arguments->keywords': dict_keys(['maximumAmountForSharing']) != dict_keys(['benefit'])
2024-10-23 16:58:35,508 - utils> compare_dicts> 139 - INFO - Value mismatch at path 'name': SEARCH_MOBILE_PLAN != check_plan_availability. type(<class 'str'> != <class 'str'>)
2024-10-23 16:58:37,166 - utils> compare_dicts> 139 - INFO - Value mismatch at path 'name': SEARCH_MOBILE_PLAN != COMPARE_CHANGE_MY_MOBILE_PLAN. type(<class 'str'> != <class 'str'>)
2024-10-23 16:58:38,982 - utils> compare_dicts> 139 - INFO - Value mismatch at path 'name': SEARCH_MOBILE_PLAN != check_plan_availability. type(<class 'str'> != <class 'str'>)
2024-10-23 16:58:40,749 - utils> compare_dicts> 139 - INFO - Value mismatch at path 'name': SEARCH_MOBILE_PLAN != check_plan_availability. type(<class 'str'> != <class 'str'>)
2024-10-23 16:58:42,585 - utils> compare_dicts> 139 - INFO - Value mismatch at path 'name': SEARCH_MOBILE_PLAN != check_plan_availability. type(<class 'str'> != <class 'str'>)
2024-10-23 16:58:44,491 - utils> compare_dicts> 139 - INFO - Value mismatch at path 'name': SEARCH_MOBILE_PLAN != check_plan_availability. type(<class 'str'> != <class 'str'>)
2024-10-23 16:58:46,532 - utils> compare_dicts> 139 - INFO - Value mismatch at path 'name': SEARCH_MOBILE_PLAN != check_plan_availability. type(<class 'str'> != <class 'str'>)
2024-10-23 16:58:48,488 - utils> compare_dicts> 139 - INFO - Value mismatch at path 'name': SEARCH_MOBILE_PLAN != check_plan_availability. type(<class 'str'> != <class 'str'>)
2024-10-23 16:58:50,249 - utils> compare_dicts> 139 - INFO - Value mismatch at path 'name': SEARCH_MOBILE_PLAN != check_plan_availability. type(<class 'str'> != <class 'str'>)
2024-10-23 16:58:51,899 - utils> compare_dicts> 139 - INFO - Value mismatch at path 'name': SEARCH_MOBILE_PLAN != COMPARE_CHANGE_MY_MOBILE_PLAN. type(<class 'str'> != <class 'str'>)
2024-10-23 16:58:53,892 - utils> compare_dicts> 139 - INFO - Value mismatch at path 'name': SEARCH_MOBILE_PLAN != check_plan_availability. type(<class 'str'> != <class 'str'>)
2024-10-23 16:58:55,965 - utils> compare_dicts> 139 - INFO - Value mismatch at path 'name': SEARCH_MOBILE_PLAN != check_plan_availability. type(<class 'str'> != <class 'str'>)
2024-10-23 16:58:57,732 - utils> compare_dicts> 139 - INFO - Value mismatch at path 'name': SEARCH_MOBILE_PLAN != check_plan_availability. type(<class 'str'> != <class 'str'>)
2024-10-23 16:58:59,316 - utils> compare_dicts> 139 - INFO - Value mismatch at path 'name': SEARCH_MOBILE_PLAN != check_plan_availability. type(<class 'str'> != <class 'str'>)
2024-10-23 16:59:01,115 - utils> compare_dicts> 139 - INFO - Value mismatch at path 'arguments->keywords->includedData': 100GB를 초과하는 != 100GB를 초과. type(<class 'str'> != <class 'str'>)
2024-10-23 16:59:02,732 - utils> compare_dicts> 139 - INFO - Value mismatch at path 'name': SEARCH_MOBILE_PLAN != recommend_plans. type(<class 'str'> != <class 'str'>)
2024-10-23 16:59:05,022 - utils> compare_dicts> 139 - INFO - Value mismatch at path 'name': SEARCH_MOBILE_PLAN != recommend_plans. type(<class 'str'> != <class 'str'>)
2024-10-23 16:59:06,681 - utils> compare_dicts> 139 - INFO - Value mismatch at path 'name': SEARCH_MOBILE_PLAN != recommend_plans. type(<class 'str'> != <class 'str'>)
2024-10-23 16:59:08,449 - utils> compare_dicts> 139 - INFO - Value mismatch at path 'name': SEARCH_MOBILE_PLAN != check_plan_availability. type(<class 'str'> != <class 'str'>)
2024-10-23 16:59:12,325 - utils> compare_dicts> 139 - INFO - Value mismatch at path 'name': SEARCH_MOBILE_PLAN != check_plan_availability. type(<class 'str'> != <class 'str'>)
2024-10-23 16:59:13,993 - utils> compare_dicts> 139 - INFO - Value mismatch at path 'name': SEARCH_MOBILE_PLAN != check_plan_availability. type(<class 'str'> != <class 'str'>)
2024-10-23 16:59:16,249 - utils> compare_dicts> 139 - INFO - Value mismatch at path 'arguments->keywords->monthlyPrice': 가성비 != 경제적인. type(<class 'str'> != <class 'str'>)
2024-10-23 16:59:18,615 - utils> compare_dicts> 139 - INFO - Value mismatch at path 'name': SEARCH_MOBILE_PLAN != check_plan_availability. type(<class 'str'> != <class 'str'>)
2024-10-23 16:59:20,599 - utils> compare_dicts> 139 - INFO - Value mismatch at path 'name': SEARCH_MOBILE_PLAN != check_plan_availability. type(<class 'str'> != <class 'str'>)
2024-10-23 16:59:22,365 - utils> compare_dicts> 139 - INFO - Value mismatch at path 'name': SEARCH_MOBILE_PLAN != check_plan_availability. type(<class 'str'> != <class 'str'>)
2024-10-23 16:59:23,998 - utils> compare_dicts> 139 - INFO - Value mismatch at path 'name': SEARCH_MOBILE_PLAN != check_plan_availability. type(<class 'str'> != <class 'str'>)
2024-10-23 16:59:26,022 - utils> compare_dicts> 139 - INFO - Value mismatch at path 'name': SEARCH_MOBILE_PLAN != check_plan_availability. type(<class 'str'> != <class 'str'>)
2024-10-23 16:59:29,298 - utils> compare_dicts> 139 - INFO - Value mismatch at path 'name': SEARCH_MOBILE_PLAN != recommend_plans. type(<class 'str'> != <class 'str'>)
2024-10-23 16:59:30,920 - utils> compare_dicts> 119 - INFO - Key mismatch at path 'arguments->keywords': dict_keys(['onboardingDeviceAlias']) != dict_keys(['specialCustomerOnboard'])
2024-10-23 16:59:33,127 - utils> compare_dicts> 139 - INFO - Value mismatch at path 'name': SEARCH_MOBILE_PLAN != check_plan_availability. type(<class 'str'> != <class 'str'>)
2024-10-23 16:59:34,815 - utils> compare_dicts> 139 - INFO - Value mismatch at path 'name': SEARCH_MOBILE_PLAN != check_plan_availability. type(<class 'str'> != <class 'str'>)
2024-10-23 16:59:36,432 - utils> compare_dicts> 139 - INFO - Value mismatch at path 'name': SEARCH_MOBILE_PLAN != check_plan_availability. type(<class 'str'> != <class 'str'>)
2024-10-23 16:59:38,264 - utils> compare_dicts> 139 - INFO - Value mismatch at path 'name': SEARCH_MOBILE_PLAN != check_plan_availability. type(<class 'str'> != <class 'str'>)
2024-10-23 16:59:39,920 - utils> compare_dicts> 139 - INFO - Value mismatch at path 'name': SEARCH_MOBILE_PLAN != check_plan_availability. type(<class 'str'> != <class 'str'>)
2024-10-23 16:59:41,802 - utils> compare_dicts> 139 - INFO - Value mismatch at path 'name': SEARCH_MOBILE_PLAN != check_plan_availability. type(<class 'str'> != <class 'str'>)
2024-10-23 16:59:43,617 - utils> compare_dicts> 139 - INFO - Value mismatch at path 'name': SEARCH_MOBILE_PLAN != check_plan_availability. type(<class 'str'> != <class 'str'>)
2024-10-23 18:02:31,319 - utils> compare_dicts> 139 - INFO - Value mismatch at path 'name': SEARCH_MOBILE_PLAN != check_plan_availability. type(<class 'str'> != <class 'str'>)
2024-10-23 18:02:33,117 - utils> compare_dicts> 139 - INFO - Value mismatch at path 'name': SEARCH_MOBILE_PLAN != COMPARE_CHANGE_MY_MOBILE_PLAN. type(<class 'str'> != <class 'str'>)
2024-10-23 18:02:36,253 - utils> compare_dicts> 139 - INFO - Value mismatch at path 'name': SEARCH_MOBILE_PLAN != check_plan_availability. type(<class 'str'> != <class 'str'>)
2024-10-23 18:02:38,487 - utils> compare_dicts> 139 - INFO - Value mismatch at path 'name': SEARCH_MOBILE_PLAN != check_plan_availability. type(<class 'str'> != <class 'str'>)
2024-10-23 18:02:40,297 - utils> compare_dicts> 139 - INFO - Value mismatch at path 'name': SEARCH_MOBILE_PLAN != check_plan_availability. type(<class 'str'> != <class 'str'>)
2024-10-23 18:02:42,130 - utils> compare_dicts> 139 - INFO - Value mismatch at path 'name': SEARCH_MOBILE_PLAN != check_plan_availability. type(<class 'str'> != <class 'str'>)
2024-10-23 18:02:43,965 - utils> compare_dicts> 139 - INFO - Value mismatch at path 'name': SEARCH_MOBILE_PLAN != check_plan_availability. type(<class 'str'> != <class 'str'>)
2024-10-23 18:02:45,699 - utils> compare_dicts> 139 - INFO - Value mismatch at path 'name': SEARCH_MOBILE_PLAN != check_plan_availability. type(<class 'str'> != <class 'str'>)
2024-10-23 18:02:47,498 - utils> compare_dicts> 139 - INFO - Value mismatch at path 'name': SEARCH_MOBILE_PLAN != check_plan_availability. type(<class 'str'> != <class 'str'>)
2024-10-23 18:02:49,148 - utils> compare_dicts> 139 - INFO - Value mismatch at path 'name': SEARCH_MOBILE_PLAN != COMPARE_CHANGE_MY_MOBILE_PLAN. type(<class 'str'> != <class 'str'>)
2024-10-23 18:02:50,851 - utils> compare_dicts> 139 - INFO - Value mismatch at path 'name': SEARCH_MOBILE_PLAN != check_plan_availability. type(<class 'str'> != <class 'str'>)
2024-10-23 18:02:52,782 - utils> compare_dicts> 139 - INFO - Value mismatch at path 'name': SEARCH_MOBILE_PLAN != check_plan_availability. type(<class 'str'> != <class 'str'>)
2024-10-23 18:02:54,714 - utils> compare_dicts> 139 - INFO - Value mismatch at path 'name': SEARCH_MOBILE_PLAN != check_plan_availability. type(<class 'str'> != <class 'str'>)
2024-10-23 18:02:56,400 - utils> compare_dicts> 139 - INFO - Value mismatch at path 'name': SEARCH_MOBILE_PLAN != check_plan_availability. type(<class 'str'> != <class 'str'>)
2024-10-23 18:02:58,413 - utils> compare_dicts> 139 - INFO - Value mismatch at path 'arguments->keywords->includedData': 100GB를 초과하는 != 100GB를 초과. type(<class 'str'> != <class 'str'>)
2024-10-23 18:02:59,950 - utils> compare_dicts> 139 - INFO - Value mismatch at path 'name': SEARCH_MOBILE_PLAN != recommend_plans. type(<class 'str'> != <class 'str'>)
2024-10-23 18:03:01,553 - utils> compare_dicts> 139 - INFO - Value mismatch at path 'name': SEARCH_MOBILE_PLAN != recommend_plans. type(<class 'str'> != <class 'str'>)
2024-10-23 18:03:03,336 - utils> compare_dicts> 139 - INFO - Value mismatch at path 'name': SEARCH_MOBILE_PLAN != recommend_plans. type(<class 'str'> != <class 'str'>)
2024-10-23 18:03:05,079 - utils> compare_dicts> 139 - INFO - Value mismatch at path 'name': SEARCH_MOBILE_PLAN != check_plan_availability. type(<class 'str'> != <class 'str'>)
2024-10-23 18:03:08,434 - utils> compare_dicts> 139 - INFO - Value mismatch at path 'name': SEARCH_MOBILE_PLAN != check_plan_availability. type(<class 'str'> != <class 'str'>)
2024-10-23 18:03:10,234 - utils> compare_dicts> 139 - INFO - Value mismatch at path 'name': SEARCH_MOBILE_PLAN != check_plan_availability. type(<class 'str'> != <class 'str'>)
2024-10-23 18:03:11,750 - utils> compare_dicts> 139 - INFO - Value mismatch at path 'arguments->keywords->monthlyPrice': 가성비 != 경제적인. type(<class 'str'> != <class 'str'>)
2024-10-23 18:03:13,714 - utils> compare_dicts> 139 - INFO - Value mismatch at path 'name': SEARCH_MOBILE_PLAN != check_plan_availability. type(<class 'str'> != <class 'str'>)
2024-10-23 18:03:15,356 - utils> compare_dicts> 139 - INFO - Value mismatch at path 'name': SEARCH_MOBILE_PLAN != check_plan_availability. type(<class 'str'> != <class 'str'>)
2024-10-23 18:03:17,381 - utils> compare_dicts> 139 - INFO - Value mismatch at path 'name': SEARCH_MOBILE_PLAN != check_plan_availability. type(<class 'str'> != <class 'str'>)
2024-10-23 18:03:19,165 - utils> compare_dicts> 139 - INFO - Value mismatch at path 'name': SEARCH_MOBILE_PLAN != check_plan_availability. type(<class 'str'> != <class 'str'>)
2024-10-23 18:03:20,781 - utils> compare_dicts> 139 - INFO - Value mismatch at path 'name': SEARCH_MOBILE_PLAN != check_plan_availability. type(<class 'str'> != <class 'str'>)
2024-10-23 18:03:24,001 - utils> compare_dicts> 139 - INFO - Value mismatch at path 'name': SEARCH_MOBILE_PLAN != recommend_plans. type(<class 'str'> != <class 'str'>)
2024-10-23 18:03:25,408 - utils> compare_dicts> 139 - INFO - Value mismatch at path 'name': SEARCH_MOBILE_PLAN != check_plan_availability. type(<class 'str'> != <class 'str'>)
2024-10-23 18:03:27,076 - utils> compare_dicts> 139 - INFO - Value mismatch at path 'name': SEARCH_MOBILE_PLAN != check_plan_availability. type(<class 'str'> != <class 'str'>)
2024-10-23 18:03:28,801 - utils> compare_dicts> 139 - INFO - Value mismatch at path 'name': SEARCH_MOBILE_PLAN != check_plan_availability. type(<class 'str'> != <class 'str'>)
2024-10-23 18:03:30,686 - utils> compare_dicts> 139 - INFO - Value mismatch at path 'name': SEARCH_MOBILE_PLAN != check_plan_availability. type(<class 'str'> != <class 'str'>)
2024-10-23 18:03:32,546 - utils> compare_dicts> 139 - INFO - Value mismatch at path 'name': SEARCH_MOBILE_PLAN != check_plan_availability. type(<class 'str'> != <class 'str'>)
2024-10-23 18:03:34,197 - utils> compare_dicts> 139 - INFO - Value mismatch at path 'name': SEARCH_MOBILE_PLAN != check_plan_availability. type(<class 'str'> != <class 'str'>)
2024-10-23 18:03:35,940 - utils> compare_dicts> 139 - INFO - Value mismatch at path 'name': SEARCH_MOBILE_PLAN != check_plan_availability. type(<class 'str'> != <class 'str'>)
2024-10-23 18:03:37,810 - utils> compare_dicts> 139 - INFO - Value mismatch at path 'name': SEARCH_MOBILE_PLAN != check_plan_availability. type(<class 'str'> != <class 'str'>)
